<?xml version="1.0" encoding="UTF-8"?>
<testng-results skipped="0" failed="0" total="2" passed="2">
  <reporter-output>
  </reporter-output>
  <suite name="Parallel" duration-ms="41853" started-at="2023-02-13T08:17:44Z" finished-at="2023-02-13T08:18:26Z">
    <groups>
    </groups>
    <test name="ParallelTestPixel3" duration-ms="37371" started-at="2023-02-13T08:17:44Z" finished-at="2023-02-13T08:18:21Z">
      <class name="TestNG_Parallel.run_parallal_test">
        <test-method status="PASS" signature="setUp(java.lang.String)[pri:0, instance:TestNG_Parallel.run_parallal_test@6e1567f1]" name="setUp" is-config="true" duration-ms="26769" started-at="2023-02-13T00:17:44Z" finished-at="2023-02-13T00:18:11Z">
          <params>
            <param index="0">
              <value>
                <![CDATA[0]]>
              </value>
            </param>
          </params>
          <reporter-output>
          </reporter-output>
        </test-method> <!-- setUp -->
        <test-method status="PASS" signature="test()[pri:0, instance:TestNG_Parallel.run_parallal_test@6e1567f1]" name="test" duration-ms="9641" started-at="2023-02-13T00:18:11Z" finished-at="2023-02-13T00:18:20Z">
          <reporter-output>
          </reporter-output>
        </test-method> <!-- test -->
        <test-method status="PASS" signature="teardown()[pri:0, instance:TestNG_Parallel.run_parallal_test@6e1567f1]" name="teardown" is-config="true" duration-ms="931" started-at="2023-02-13T00:18:20Z" finished-at="2023-02-13T00:18:21Z">
          <reporter-output>
          </reporter-output>
        </test-method> <!-- teardown -->
      </class> <!-- TestNG_Parallel.run_parallal_test -->
    </test> <!-- ParallelTestPixel3 -->
    <test name="ParallelTestGalaxy10e" duration-ms="41853" started-at="2023-02-13T08:17:44Z" finished-at="2023-02-13T08:18:26Z">
      <class name="TestNG_Parallel.run_parallal_test">
        <test-method status="PASS" signature="setUp(java.lang.String)[pri:0, instance:TestNG_Parallel.run_parallal_test@6e1ec318]" name="setUp" is-config="true" duration-ms="30998" started-at="2023-02-13T00:17:44Z" finished-at="2023-02-13T00:18:15Z">
          <params>
            <param index="0">
              <value>
                <![CDATA[1]]>
              </value>
            </param>
          </params>
          <reporter-output>
          </reporter-output>
        </test-method> <!-- setUp -->
        <test-method status="PASS" signature="test()[pri:0, instance:TestNG_Parallel.run_parallal_test@6e1ec318]" name="test" duration-ms="9801" started-at="2023-02-13T00:18:15Z" finished-at="2023-02-13T00:18:25Z">
          <reporter-output>
          </reporter-output>
        </test-method> <!-- test -->
        <test-method status="PASS" signature="teardown()[pri:0, instance:TestNG_Parallel.run_parallal_test@6e1ec318]" name="teardown" is-config="true" duration-ms="1031" started-at="2023-02-13T00:18:25Z" finished-at="2023-02-13T00:18:26Z">
          <reporter-output>
          </reporter-output>
        </test-method> <!-- teardown -->
      </class> <!-- TestNG_Parallel.run_parallal_test -->
    </test> <!-- ParallelTestGalaxy10e -->
  </suite> <!-- Parallel -->
</testng-results>
